<?xml version="1.0" encoding="UTF-8"?>
<coverage generated="1707851336083" clover="3.2.0">
  <project timestamp="1707851336083" name="All files">
    <metrics statements="14" coveredstatements="14" conditionals="18" coveredconditionals="18" methods="3" coveredmethods="3" elements="35" coveredelements="35" complexity="0" loc="14" ncloc="14" packages="1" files="1" classes="1"/>
    <file name="index.js" path="/mnt/c/Users/teodo/Desktop/mocha-chai-demo-1/mocha-chai-demo/src/index.js">
      <metrics statements="14" coveredstatements="14" conditionals="18" coveredconditionals="18" methods="3" coveredmethods="3"/>
      <line num="2" count="1" type="stmt"/>
      <line num="6" count="1" type="stmt"/>
      <line num="10" count="6" type="cond" truecount="2" falsecount="0"/>
      <line num="11" count="1" type="stmt"/>
      <line num="13" count="5" type="cond" truecount="4" falsecount="0"/>
      <line num="14" count="1" type="stmt"/>
      <line num="16" count="4" type="cond" truecount="4" falsecount="0"/>
      <line num="17" count="1" type="stmt"/>
      <line num="19" count="3" type="cond" truecount="4" falsecount="0"/>
      <line num="20" count="1" type="stmt"/>
      <line num="22" count="2" type="cond" truecount="4" falsecount="0"/>
      <line num="23" count="1" type="stmt"/>
      <line num="25" count="1" type="stmt"/>
      <line num="29" count="1" type="stmt"/>
    </file>
  </project>
</coverage>
