{"/mnt/c/Users/teodo/Desktop/mocha-chai-demo-1/mocha-chai-demo/src/index.js": {"path":"/mnt/c/Users/teodo/Desktop/mocha-chai-demo-1/mocha-chai-demo/src/index.js","statementMap":{"0":{"start":{"line":2,"column":2},"end":{"line":2,"column":15}},"1":{"start":{"line":6,"column":2},"end":{"line":6,"column":15}},"2":{"start":{"line":10,"column":2},"end":{"line":26,"column":3}},"3":{"start":{"line":11,"column":4},"end":{"line":11,"column":22}},"4":{"start":{"line":13,"column":7},"end":{"line":26,"column":3}},"5":{"start":{"line":14,"column":4},"end":{"line":14,"column":40}},"6":{"start":{"line":16,"column":7},"end":{"line":26,"column":3}},"7":{"start":{"line":17,"column":4},"end":{"line":17,"column":40}},"8":{"start":{"line":19,"column":7},"end":{"line":26,"column":3}},"9":{"start":{"line":20,"column":4},"end":{"line":20,"column":45}},"10":{"start":{"line":22,"column":7},"end":{"line":26,"column":3}},"11":{"start":{"line":23,"column":4},"end":{"line":23,"column":45}},"12":{"start":{"line":25,"column":4},"end":{"line":25,"column":37}},"13":{"start":{"line":29,"column":0},"end":{"line":33,"column":1}}},"fnMap":{"0":{"name":"add","decl":{"start":{"line":1,"column":9},"end":{"line":1,"column":12}},"loc":{"start":{"line":1,"column":19},"end":{"line":3,"column":1}},"line":1},"1":{"name":"subtract","decl":{"start":{"line":5,"column":9},"end":{"line":5,"column":17}},"loc":{"start":{"line":5,"column":24},"end":{"line":7,"column":1}},"line":5},"2":{"name":"formatGrade","decl":{"start":{"line":9,"column":9},"end":{"line":9,"column":20}},"loc":{"start":{"line":9,"column":28},"end":{"line":27,"column":1}},"line":9}},"branchMap":{"0":{"loc":{"start":{"line":10,"column":2},"end":{"line":26,"column":3}},"type":"if","locations":[{"start":{"line":10,"column":2},"end":{"line":26,"column":3}},{"start":{"line":13,"column":7},"end":{"line":26,"column":3}}],"line":10},"1":{"loc":{"start":{"line":13,"column":7},"end":{"line":26,"column":3}},"type":"if","locations":[{"start":{"line":13,"column":7},"end":{"line":26,"column":3}},{"start":{"line":16,"column":7},"end":{"line":26,"column":3}}],"line":13},"2":{"loc":{"start":{"line":13,"column":11},"end":{"line":13,"column":36}},"type":"binary-expr","locations":[{"start":{"line":13,"column":11},"end":{"line":13,"column":21}},{"start":{"line":13,"column":25},"end":{"line":13,"column":36}}],"line":13},"3":{"loc":{"start":{"line":16,"column":7},"end":{"line":26,"column":3}},"type":"if","locations":[{"start":{"line":16,"column":7},"end":{"line":26,"column":3}},{"start":{"line":19,"column":7},"end":{"line":26,"column":3}}],"line":16},"4":{"loc":{"start":{"line":16,"column":11},"end":{"line":16,"column":38}},"type":"binary-expr","locations":[{"start":{"line":16,"column":11},"end":{"line":16,"column":23}},{"start":{"line":16,"column":27},"end":{"line":16,"column":38}}],"line":16},"5":{"loc":{"start":{"line":19,"column":7},"end":{"line":26,"column":3}},"type":"if","locations":[{"start":{"line":19,"column":7},"end":{"line":26,"column":3}},{"start":{"line":22,"column":7},"end":{"line":26,"column":3}}],"line":19},"6":{"loc":{"start":{"line":19,"column":11},"end":{"line":19,"column":38}},"type":"binary-expr","locations":[{"start":{"line":19,"column":11},"end":{"line":19,"column":23}},{"start":{"line":19,"column":27},"end":{"line":19,"column":38}}],"line":19},"7":{"loc":{"start":{"line":22,"column":7},"end":{"line":26,"column":3}},"type":"if","locations":[{"start":{"line":22,"column":7},"end":{"line":26,"column":3}},{"start":{"line":24,"column":9},"end":{"line":26,"column":3}}],"line":22},"8":{"loc":{"start":{"line":22,"column":11},"end":{"line":22,"column":37}},"type":"binary-expr","locations":[{"start":{"line":22,"column":11},"end":{"line":22,"column":23}},{"start":{"line":22,"column":27},"end":{"line":22,"column":37}}],"line":22}},"s":{"0":1,"1":1,"2":6,"3":1,"4":5,"5":1,"6":4,"7":1,"8":3,"9":1,"10":2,"11":1,"12":1,"13":1},"f":{"0":1,"1":1,"2":6},"b":{"0":[1,5],"1":[1,4],"2":[5,5],"3":[1,3],"4":[4,4],"5":[1,2],"6":[3,3],"7":[1,1],"8":[2,2]},"_coverageSchema":"1a1c01bbd47fc00a2c39e90264f33305004495a9","hash":"a57638289241ca11cb81882f15a5fe8065782e0f"}
}
