TN:
SF:src/index.js
FN:1,add
FN:5,subtract
FN:9,formatGrade
FNF:3
FNH:3
FNDA:1,add
FNDA:1,subtract
FNDA:6,formatGrade
DA:2,1
DA:6,1
DA:10,6
DA:11,1
DA:13,5
DA:14,1
DA:16,4
DA:17,1
DA:19,3
DA:20,1
DA:22,2
DA:23,1
DA:25,1
DA:29,1
LF:14
LH:14
BRDA:10,0,0,1
BRDA:10,0,1,5
BRDA:13,1,0,1
BRDA:13,1,1,4
BRDA:13,2,0,5
BRDA:13,2,1,5
BRDA:16,3,0,1
BRDA:16,3,1,3
BRDA:16,4,0,4
BRDA:16,4,1,4
BRDA:19,5,0,1
BRDA:19,5,1,2
BRDA:19,6,0,3
BRDA:19,6,1,3
BRDA:22,7,0,1
BRDA:22,7,1,1
BRDA:22,8,0,2
BRDA:22,8,1,2
BRF:18
BRH:18
end_of_record
